<?xml version="1.0" encoding="UTF-8" ?>
<testsuite tests="3" failures="3" name="TestSuite" time="1.563" errors="0" skipped="0">
  <properties>
[...]
</properties>
  <testcase classname="tests.DeanAuthoritiesListTest" name="downloadDeanAuthoritieslist" time="1.558">
    <failure message="expected [WydziaĹ‚ ZarzÄ…dzania Uniwersytet GdaĹ„ski] but found [Wydział Zarządzania Uniwersytet Gdański]" type="java.lang.AssertionError">java.lang.AssertionError: expected [WydziaĹ‚ ZarzÄ…dzania Uniwersytet GdaĹ„ski] but found [Wydział Zarządzania Uniwersytet Gdański]
	at org.testng.Assert.fail(Assert.java:97)
	at org.testng.Assert.assertEqualsImpl(Assert.java:136)
	at org.testng.Assert.assertEquals(Assert.java:118)
	at org.testng.Assert.assertEquals(Assert.java:575)
	at org.testng.Assert.assertEquals(Assert.java:585)
	at tests.DeanAuthoritiesListTest.downloadDeanAuthoritieslist(DeanAuthoritiesListTest.java:17)
</failure>
    <system-out>Configuring TestNG with: org.apache.maven.surefire.testng.conf.TestNG652Configurator@7e0ea639
Before test
</system-out>
    <system-err>Starting ChromeDriver 81.0.4044.69 (6813546031a4bc83f717a2ef7cd4ac6ec1199132-refs/branch-heads/4044@{#776}) on port 5499
Only local connections are allowed.
Please protect ports used by ChromeDriver and related test frameworks to prevent access by malicious code.
May 04, 2020 4:41:42 PM org.openqa.selenium.remote.ProtocolHandshake createSession
INFO: Detected dialect: W3C
[1588603305.466][SEVERE]: Timed out receiving message from renderer: 0.100
[1588603305.571][SEVERE]: Timed out receiving message from renderer: 0.100
[1588603305.753][SEVERE]: Timed out receiving message from renderer: 0.100
[1588603305.942][SEVERE]: Timed out receiving message from renderer: 0.100
</system-err>
  </testcase>
  <testcase classname="tests.OnlineClassScheduleTest" name="selectGroupSchedule" time="0.005">
    <failure type="java.lang.NullPointerException">java.lang.NullPointerException
	at tests.OnlineClassScheduleTest.selectGroupSchedule(OnlineClassScheduleTest.java:26)
</failure>
    <system-out>After test
Before test
</system-out>
    <system-err>Starting ChromeDriver 81.0.4044.69 (6813546031a4bc83f717a2ef7cd4ac6ec1199132-refs/branch-heads/4044@{#776}) on port 11198
Only local connections are allowed.
Please protect ports used by ChromeDriver and related test frameworks to prevent access by malicious code.
May 04, 2020 4:41:50 PM org.openqa.selenium.remote.ProtocolHandshake createSession
INFO: Detected dialect: W3C
</system-err>
  </testcase>
  <testcase classname="tests.OnlineClassScheduleTest" name="selectGroupScheduleSecondTest" time="0">
    <failure type="java.lang.NullPointerException">java.lang.NullPointerException
	at tests.OnlineClassScheduleTest.selectGroupScheduleSecondTest(OnlineClassScheduleTest.java:39)
</failure>
    <system-out>After test
Before test
</system-out>
    <system-err>Starting ChromeDriver 81.0.4044.69 (6813546031a4bc83f717a2ef7cd4ac6ec1199132-refs/branch-heads/4044@{#776}) on port 42366
Only local connections are allowed.
Please protect ports used by ChromeDriver and related test frameworks to prevent access by malicious code.
May 04, 2020 4:41:56 PM org.openqa.selenium.remote.ProtocolHandshake createSession
INFO: Detected dialect: W3C
</system-err>
  </testcase>
</testsuite>